=== BE6500 plug + probe dmesg, Framework direct+hub-chain (2-1.4.4), Config B, 2026-04-11 ===

Apr 11 10:58:21 fedora kernel: rtw89_8922au_git 3-1.4.4:1.0: loaded firmware rtw89/rtw8922a_fw-4.bin
Apr 11 10:58:21 fedora kernel: rtw89_8922au_git 3-1.4.4:1.0: usb write32 0xc4 fail ret=-71 value=0x90130f00 attempt=0
Apr 11 10:58:21 fedora kernel: rtw89_8922au_git 3-1.4.4:1.0: usb write32 0xc4 fail ret=-71 value=0x90130f00 attempt=1
Apr 11 10:58:21 fedora kernel: rtw89_8922au_git 3-1.4.4:1.0: usb write32 0xc4 fail ret=-71 value=0x90130f00 attempt=2
Apr 11 10:58:21 fedora kernel: rtw89_8922au_git 3-1.4.4:1.0: usb write32 0xc4 fail ret=-71 value=0x90130f00 attempt=3
Apr 11 10:58:21 fedora kernel: rtw89_8922au_git 3-1.4.4:1.0: usb write32 0xc4 fail ret=-71 value=0x90130f00 attempt=4
Apr 11 10:58:21 fedora kernel: usbcore: registered new interface driver rtw89_8922au_git
Apr 11 10:58:22 fedora kernel: usb 3-1.4.4: USB disconnect, device number 29
Apr 11 10:58:25 fedora kernel: usb 2-1.4.4: new SuperSpeed USB device number 17 using xhci_hcd
Apr 11 10:58:25 fedora kernel: usb 2-1.4.4: New USB device found, idVendor=0bda, idProduct=8912, bcdDevice= 0.00
Apr 11 10:58:25 fedora kernel: usb 2-1.4.4: New USB device strings: Mfr=1, Product=2, SerialNumber=3
Apr 11 10:58:25 fedora kernel: usb 2-1.4.4: Product: 802.11be WLAN Adapter
Apr 11 10:58:25 fedora kernel: usb 2-1.4.4: Manufacturer: Realtek
Apr 11 10:58:25 fedora kernel: usb 2-1.4.4: SerialNumber: 00e04c000001
Apr 11 10:58:25 fedora kernel: rtw89_8922au_git 2-1.4.4:1.0: loaded firmware rtw89/rtw8922a_fw-4.bin
Apr 11 10:58:25 fedora kernel: ACPI: \: failed to evaluate _DSM e8c3a8d2-694b-004f-82bd-fe8607803aa7 rev:0 func:5 (0x1001)
Apr 11 10:58:25 fedora kernel: rtw89_8922au_git 2-1.4.4:1.0: git commit 2c2d99d18a660a9c1506844bb822a4edf900accf
Apr 11 10:58:25 fedora kernel: rtw89_8922au_git 2-1.4.4:1.0: Firmware version 0.35.80.3 (8ef4f0cf), cmd version 1, type 1
Apr 11 10:58:25 fedora kernel: rtw89_8922au_git 2-1.4.4:1.0: Firmware version 0.35.80.3 (8ef4f0cf), cmd version 1, type 3
Apr 11 10:58:25 fedora kernel: rtw89_8922au_git 2-1.4.4:1.0: Firmware version 0.1.0.0 (7b393818), cmd version 0, type 64
Apr 11 10:58:25 fedora kernel: rtw89_8922au_git 2-1.4.4:1.0: Firmware element BB version: 00 49 00 00
Apr 11 10:58:25 fedora kernel: rtw89_8922au_git 2-1.4.4:1.0: Firmware element radio A version: 00 33 00 00
Apr 11 10:58:25 fedora kernel: rtw89_8922au_git 2-1.4.4:1.0: Firmware element NCTL version: 00 0f 00 00
Apr 11 10:58:25 fedora kernel: rtw89_8922au_git 2-1.4.4:1.0: Firmware element TXPWR version: 00 46 00 00
Apr 11 10:58:25 fedora kernel: rtw89_8922au_git 2-1.4.4:1.0: Firmware element TXPWR version: 00 46 00 00
Apr 11 10:58:25 fedora kernel: rtw89_8922au_git 2-1.4.4:1.0: Firmware element TXPWR version: 00 46 00 00
Apr 11 10:58:25 fedora kernel: rtw89_8922au_git 2-1.4.4:1.0: Firmware element PWR_TRK version: 00 33 00 00
Apr 11 10:58:25 fedora kernel: rtw89_8922au_git 2-1.4.4:1.0: Firmware element REGD version: 00 49 00 08
Apr 11 10:58:25 fedora kernel: rtw89_8922au_git 2-1.4.4:1.0: chip info CID: 71, CV: 1, AID: 6933, ACV: 1, RFE: 1
Apr 11 10:58:25 fedora kernel: ACPI: \: failed to evaluate _DSM e8c3a8d2-694b-004f-82bd-fe8607803aa7 rev:0 func:10 (0x1001)
Apr 11 10:58:25 fedora kernel: ACPI: \: failed to evaluate _DSM e8c3a8d2-694b-004f-82bd-fe8607803aa7 rev:0 func:6 (0x1001)
Apr 11 10:58:25 fedora kernel: ACPI: \: failed to evaluate _DSM e8c3a8d2-694b-004f-82bd-fe8607803aa7 rev:0 func:3 (0x1001)
Apr 11 10:58:25 fedora kernel: ACPI: \: failed to evaluate _DSM e8c3a8d2-694b-004f-82bd-fe8607803aa7 rev:0 func:4 (0x1001)
Apr 11 10:58:25 fedora kernel: ACPI: \: failed to evaluate _DSM e8c3a8d2-694b-004f-82bd-fe8607803aa7 rev:0 func:7 (0x1001)
Apr 11 10:58:25 fedora kernel: ACPI: \: failed to evaluate _DSM e8c3a8d2-694b-004f-82bd-fe8607803aa7 rev:0 func:11 (0x1001)
Apr 11 10:58:25 fedora kernel: rtw89_8922au_git 2-1.4.4:1.0: rfkill hardware state changed to enable
Apr 11 10:58:25 fedora kernel: rtw89_8922au_git 2-1.4.4:1.0 wlp0s13f0u1u4u4: renamed from wlan0
Apr 11 10:58:26 fedora kernel: rtw89_8922au_git 2-1.4.4:1.0: failed to wait RF DACK
