=== AX4L (0bda:b832, RTL8832BU) on Framework, hub topology, morrownr/rtw89_git, 2026-04-11 ===
Driver: rtw89_8852bu_git
Configuration: B (morrownr _git variants via DKMS, blacklist active)

Apr 11 09:49:02 fedora kernel: usb 3-1.3: new high-speed USB device number 10 using xhci_hcd
Apr 11 09:49:02 fedora kernel: usb 3-1.3: New USB device found, idVendor=0bda, idProduct=1a2b, bcdDevice= 0.00
Apr 11 09:49:02 fedora kernel: usb 3-1.3: New USB device strings: Mfr=1, Product=2, SerialNumber=0
Apr 11 09:49:02 fedora kernel: usb 3-1.3: Product: DISK
Apr 11 09:49:02 fedora kernel: usb 3-1.3: Manufacturer: Realtek
Apr 11 09:49:02 fedora kernel: usb-storage 3-1.3:1.0: USB Mass Storage device detected
Apr 11 09:49:02 fedora kernel: usb-storage 3-1.3:1.0: device ignored
Apr 11 09:49:03 fedora kernel: usb 3-1.3: USB disconnect, device number 10
Apr 11 09:49:05 fedora kernel: usb 3-1.3: new high-speed USB device number 11 using xhci_hcd
Apr 11 09:49:06 fedora kernel: usb 3-1.3: New USB device found, idVendor=0bda, idProduct=b832, bcdDevice= 0.00
Apr 11 09:49:06 fedora kernel: usb 3-1.3: New USB device strings: Mfr=1, Product=2, SerialNumber=3
Apr 11 09:49:06 fedora kernel: usb 3-1.3: Product: 802.11ac WLAN Adapter
Apr 11 09:49:06 fedora kernel: usb 3-1.3: Manufacturer: Realtek
Apr 11 09:49:06 fedora kernel: usb 3-1.3: SerialNumber: 00e04c000001
Apr 11 09:49:06 fedora kernel: rtw89_8852bu_git 3-1.3:1.0: loaded firmware rtw89/rtw8852b_fw-2.bin
Apr 11 09:49:06 fedora kernel: rtw89_8852bu_git 3-1.3:1.0: usb write32 0xc4 fail ret=-71 value=0xb0f10 attempt=0
Apr 11 09:49:06 fedora kernel: rtw89_8852bu_git 3-1.3:1.0: usb write32 0xc4 fail ret=-71 value=0xb0f10 attempt=1
Apr 11 09:49:06 fedora kernel: rtw89_8852bu_git 3-1.3:1.0: usb write32 0xc4 fail ret=-71 value=0xb0f10 attempt=2
Apr 11 09:49:06 fedora kernel: rtw89_8852bu_git 3-1.3:1.0: usb write32 0xc4 fail ret=-71 value=0xb0f10 attempt=3
Apr 11 09:49:06 fedora kernel: rtw89_8852bu_git 3-1.3:1.0: usb write32 0xc4 fail ret=-71 value=0xb0f10 attempt=4
Apr 11 09:49:06 fedora kernel: usbcore: registered new interface driver rtw89_8852bu_git
Apr 11 09:49:06 fedora kernel: usb 3-1.3: USB disconnect, device number 11
Apr 11 09:49:10 fedora kernel: usb 2-1.3: USB disconnect, device number 7
Apr 11 09:49:10 fedora kernel: usb 2-1.3: new SuperSpeed USB device number 8 using xhci_hcd
Apr 11 09:49:10 fedora kernel: usb 2-1.3: New USB device found, idVendor=0bda, idProduct=b832, bcdDevice= 0.00
Apr 11 09:49:10 fedora kernel: usb 2-1.3: New USB device strings: Mfr=1, Product=2, SerialNumber=3
Apr 11 09:49:10 fedora kernel: usb 2-1.3: Product: 802.11ax WLAN Adapter
Apr 11 09:49:10 fedora kernel: usb 2-1.3: Manufacturer: Realtek
Apr 11 09:49:10 fedora kernel: usb 2-1.3: SerialNumber: 00e04c000001
Apr 11 09:49:10 fedora kernel: rtw89_8852bu_git 2-1.3:1.0: loaded firmware rtw89/rtw8852b_fw-2.bin
Apr 11 09:49:10 fedora kernel: rtw89_8852bu_git 2-1.3:1.0: git commit 2c2d99d18a660a9c1506844bb822a4edf900accf
Apr 11 09:49:10 fedora kernel: rtw89_8852bu_git 2-1.3:1.0: Firmware version 0.29.29.15 (6fb3ec41), cmd version 0, type 5
Apr 11 09:49:10 fedora kernel: rtw89_8852bu_git 2-1.3:1.0: Firmware version 0.29.29.15 (6fb3ec41), cmd version 0, type 3
Apr 11 09:49:10 fedora kernel: rtw89_8852bu_git 2-1.3:1.0: Firmware element BB version: 00 28 00 00
Apr 11 09:49:10 fedora kernel: rtw89_8852bu_git 2-1.3:1.0: Firmware element radio A version: 00 32 00 00
Apr 11 09:49:10 fedora kernel: rtw89_8852bu_git 2-1.3:1.0: Firmware element NCTL version: 00 0a 00 00
Apr 11 09:49:10 fedora kernel: rtw89_8852bu_git 2-1.3:1.0: Firmware element TXPWR version: 00 43 00 00
Apr 11 09:49:10 fedora kernel: rtw89_8852bu_git 2-1.3:1.0: Firmware element TXPWR version: 00 43 00 00
Apr 11 09:49:10 fedora kernel: rtw89_8852bu_git 2-1.3:1.0: Firmware element TXPWR version: 00 43 00 00
Apr 11 09:49:10 fedora kernel: rtw89_8852bu_git 2-1.3:1.0: Firmware element PWR_TRK version: 00 32 00 00
Apr 11 09:49:10 fedora kernel: rtw89_8852bu_git 2-1.3:1.0: Firmware element REGD version: 00 49 00 33
Apr 11 09:49:10 fedora kernel: rtw89_8852bu_git 2-1.3:1.0: chip info CID: 0, CV: 2, AID: 0, ACV: 1, RFE: 1
Apr 11 09:49:10 fedora kernel: ACPI: \: failed to evaluate _DSM e8c3a8d2-694b-004f-82bd-fe8607803aa7 rev:0 func:10 (0x1001)
Apr 11 09:49:10 fedora kernel: ACPI: \: failed to evaluate _DSM e8c3a8d2-694b-004f-82bd-fe8607803aa7 rev:0 func:6 (0x1001)
Apr 11 09:49:10 fedora kernel: rtw89_8852bu_git 2-1.3:1.0: rfkill hardware state changed to enable
Apr 11 09:49:10 fedora kernel: rtw89_8852bu_git 2-1.3:1.0 wlp0s13f0u1u3: renamed from wlan0
Apr 11 09:49:13 fedora kernel: wlp0s20f3: authenticate with 00:00:00:00:00:A2 (local address=00:00:00:00:00:C3)
Apr 11 09:49:13 fedora kernel: wlp0s20f3: send auth to 00:00:00:00:00:A2 (try 1/3)
Apr 11 09:49:13 fedora kernel: wlp0s20f3: authenticated
Apr 11 09:49:13 fedora kernel: wlp0s20f3: associate with 00:00:00:00:00:A2 (try 1/3)
Apr 11 09:49:13 fedora kernel: wlp0s20f3: RX AssocResp from 00:00:00:00:00:A2 (capab=0x1011 status=0 aid=25)
Apr 11 09:49:13 fedora kernel: wlp0s20f3: associated
Apr 11 09:49:13 fedora kernel: wlp0s20f3: Limiting TX power to 24 (24 - 0) dBm as advertised by 00:00:00:00:00:A2
