=== BE6500 (0bda:8912, RTL8922AU) on Framework, direct topology, morrownr/rtw89_git, 2026-04-11 ===
Driver: rtw89_8922au_git
Configuration: B (morrownr _git variants via DKMS, blacklist active)

Apr 11 09:54:08 fedora kernel: usb 3-3: new high-speed USB device number 14 using xhci_hcd
Apr 11 09:54:08 fedora kernel: usb 3-3: New USB device found, idVendor=0bda, idProduct=1a2b, bcdDevice= 0.00
Apr 11 09:54:08 fedora kernel: usb 3-3: New USB device strings: Mfr=1, Product=2, SerialNumber=0
Apr 11 09:54:08 fedora kernel: usb 3-3: Product: DISK
Apr 11 09:54:08 fedora kernel: usb 3-3: Manufacturer: Realtek
Apr 11 09:54:08 fedora kernel: usb-storage 3-3:1.0: USB Mass Storage device detected
Apr 11 09:54:08 fedora kernel: usb-storage 3-3:1.0: device ignored
Apr 11 09:54:09 fedora kernel: usb 3-3: USB disconnect, device number 14
Apr 11 09:54:09 fedora kernel: usb 3-3: new high-speed USB device number 15 using xhci_hcd
Apr 11 09:54:09 fedora kernel: usb 3-3: New USB device found, idVendor=0bda, idProduct=8912, bcdDevice= 0.00
Apr 11 09:54:09 fedora kernel: usb 3-3: New USB device strings: Mfr=1, Product=2, SerialNumber=3
Apr 11 09:54:09 fedora kernel: usb 3-3: Product: 802.11be WLAN Adapter
Apr 11 09:54:09 fedora kernel: usb 3-3: Manufacturer: Realtek
Apr 11 09:54:09 fedora kernel: usb 3-3: SerialNumber: 00e04c000001
Apr 11 09:54:09 fedora kernel: rtw89_8922au_git 3-3:1.0: loaded firmware rtw89/rtw8922a_fw-4.bin
Apr 11 09:54:09 fedora kernel: rtw89_8922au_git 3-3:1.0: usb write32 0xc4 fail ret=-71 value=0x90130f00 attempt=0
Apr 11 09:54:09 fedora kernel: rtw89_8922au_git 3-3:1.0: usb write32 0xc4 fail ret=-71 value=0x90130f00 attempt=1
Apr 11 09:54:09 fedora kernel: rtw89_8922au_git 3-3:1.0: usb write32 0xc4 fail ret=-71 value=0x90130f00 attempt=2
Apr 11 09:54:09 fedora kernel: rtw89_8922au_git 3-3:1.0: usb write32 0xc4 fail ret=-71 value=0x90130f00 attempt=3
Apr 11 09:54:09 fedora kernel: rtw89_8922au_git 3-3:1.0: usb write32 0xc4 fail ret=-71 value=0x90130f00 attempt=4
Apr 11 09:54:09 fedora kernel: usb 3-3: USB disconnect, device number 15
Apr 11 09:54:13 fedora kernel: usb 2-2: new SuperSpeed USB device number 10 using xhci_hcd
Apr 11 09:54:13 fedora kernel: usb 2-2: New USB device found, idVendor=0bda, idProduct=8912, bcdDevice= 0.00
Apr 11 09:54:13 fedora kernel: usb 2-2: New USB device strings: Mfr=1, Product=2, SerialNumber=3
Apr 11 09:54:13 fedora kernel: usb 2-2: Product: 802.11be WLAN Adapter
Apr 11 09:54:13 fedora kernel: usb 2-2: Manufacturer: Realtek
Apr 11 09:54:13 fedora kernel: usb 2-2: SerialNumber: 00e04c000001
Apr 11 09:54:13 fedora kernel: rtw89_8922au_git 2-2:1.0: loaded firmware rtw89/rtw8922a_fw-4.bin
Apr 11 09:54:13 fedora kernel: rtw89_8922au_git 2-2:1.0: git commit 2c2d99d18a660a9c1506844bb822a4edf900accf
Apr 11 09:54:13 fedora kernel: rtw89_8922au_git 2-2:1.0: Firmware version 0.35.80.3 (8ef4f0cf), cmd version 1, type 1
Apr 11 09:54:13 fedora kernel: rtw89_8922au_git 2-2:1.0: Firmware version 0.35.80.3 (8ef4f0cf), cmd version 1, type 3
Apr 11 09:54:13 fedora kernel: rtw89_8922au_git 2-2:1.0: Firmware version 0.1.0.0 (7b393818), cmd version 0, type 64
Apr 11 09:54:13 fedora kernel: rtw89_8922au_git 2-2:1.0: Firmware element BB version: 00 49 00 00
Apr 11 09:54:13 fedora kernel: rtw89_8922au_git 2-2:1.0: Firmware element radio A version: 00 33 00 00
Apr 11 09:54:13 fedora kernel: rtw89_8922au_git 2-2:1.0: Firmware element NCTL version: 00 0f 00 00
Apr 11 09:54:13 fedora kernel: rtw89_8922au_git 2-2:1.0: Firmware element TXPWR version: 00 46 00 00
Apr 11 09:54:13 fedora kernel: rtw89_8922au_git 2-2:1.0: Firmware element TXPWR version: 00 46 00 00
Apr 11 09:54:13 fedora kernel: rtw89_8922au_git 2-2:1.0: Firmware element TXPWR version: 00 46 00 00
Apr 11 09:54:13 fedora kernel: rtw89_8922au_git 2-2:1.0: Firmware element PWR_TRK version: 00 33 00 00
Apr 11 09:54:13 fedora kernel: rtw89_8922au_git 2-2:1.0: Firmware element REGD version: 00 49 00 08
Apr 11 09:54:13 fedora kernel: rtw89_8922au_git 2-2:1.0: chip info CID: 71, CV: 1, AID: 6933, ACV: 1, RFE: 1
Apr 11 09:54:13 fedora kernel: rtw89_8922au_git 2-2:1.0: rfkill hardware state changed to enable
Apr 11 09:54:13 fedora kernel: rtw89_8922au_git 2-2:1.0 wlp0s13f0u2: renamed from wlan0
Apr 11 09:54:18 fedora kernel: rtw89_8922au_git 2-2:1.0: failed to wait RF DACK
Apr 11 09:54:19 fedora kernel: rtw89_8922au_git 2-2:1.0: failed to wait RF TSSI
Apr 11 09:54:19 fedora kernel: wlp0s13f0u2: authenticate with 00:00:00:00:00:A2 (local address=00:00:00:00:00:C2)
Apr 11 09:54:19 fedora kernel: wlp0s13f0u2: send auth to 00:00:00:00:00:A2 (try 1/3)
Apr 11 09:54:19 fedora kernel: wlp0s13f0u2: authenticated
Apr 11 09:54:19 fedora kernel: wlp0s13f0u2: associate with 00:00:00:00:00:A2 (try 1/3)
Apr 11 09:54:19 fedora kernel: wlp0s13f0u2: RX AssocResp from 00:00:00:00:00:A2 (capab=0x1011 status=0 aid=26)
Apr 11 09:54:19 fedora kernel: wlp0s13f0u2: associated
Apr 11 09:54:19 fedora kernel: wlp0s13f0u2: Limiting TX power to 24 (24 - 0) dBm as advertised by 00:00:00:00:00:A2
