=== DWA-X1850 A1 (2001:3321) -- STOCK rtw89_8852au driver ===
Date: Sun Apr 12 2026
Kernel: 6.19.11-200.fc43.x86_64
Host: Framework 13, Fedora 43
Adapter position: j5Create powered hub, port 3 on Bus 3

Driver state: stock kernel rtw89_8852au + rtw89_usb + rtw89_core
(morrownr _git modules unloaded, blacklist removed)

USB ENUMERATION:
  Path: 3-3:1.0 (direct on hub, no sub-hub)
  Speed: 480 Mbps (USB 2.0 High-Speed)
  Product string: "802.11ac WLAN Adapter" (USB 2.0 descriptor set)
  NO switch-mode observed in dmesg, NO EPROTO retry, NO re-enumeration at SuperSpeed

WIFI LINK:
  SSID: 8 Hertz WAN IP, 5 GHz (5500 MHz)
  BSSID: 00:00:00:00:00:A2
  Signal: -31 dBm
  rx bitrate: 1134.2 Mbit/s (HE-MCS 11, 80 MHz, HE-NSS 2)
  tx bitrate: 1200.9 Mbit/s (HE-MCS 11, 80 MHz, HE-NSS 2)

IPERF3 UPLOAD (client -> 192.168.1.70, 30s):
  258 Mbit/sec average, 923 MB transferred, 0 retransmits

IPERF3 DOWNLOAD (reverse, server -> client, 30s):
  181 Mbit/sec average, 649 MB transferred

CONCLUSION:
  Radio PHY rate ~1200 Mbps, but TCP throughput capped at ~260 Mbps up
  and ~180 Mbps down due to USB 2.0 bottleneck. Stock kernel driver
  does not apply the USB 2->3 switch-mode. This is the bug.
