=== DWA-X1850 A1 (2001:3321) -- MORROWNR rtw89_8852au_git driver ===
Date: Sun Apr 12 2026
Kernel: 6.19.11-200.fc43.x86_64
Host: Framework 13, Fedora 43
Adapter position: j5Create powered hub, port 3 (but re-enumerated to Bus 2 Port 2)

Driver state: morrownr rtw89_8852au_git + rtw89_usb_git + rtw89_core_git
with switch_usb_mode=y

USB ENUMERATION:
  Path after switch-mode: 2-2:1.0 (moved from Bus 3 to Bus 2, USB 3.0 root hub)
  Speed: 5000 Mbps (USB 3.0 SuperSpeed)
  Product string: would be "802.11ax WLAN Adapter" (SuperSpeed descriptor set)
  Switch-mode SUCCESSFUL: adapter disconnected from USB 2.0 root hub and
  re-enumerated on USB 3.0 SuperSpeed root hub

WIFI LINK:
  SSID: 8 Hertz WAN IP, 5 GHz (5500 MHz)
  BSSID: 00:00:00:00:00:A2
  Signal: -32 dBm (basically identical to stock run)
  rx bitrate: 1134.2 Mbit/s (HE-MCS 11, 80 MHz, HE-NSS 2)
  tx bitrate: 1200.9 Mbit/s (HE-MCS 11, 80 MHz, HE-NSS 2)

IPERF3 UPLOAD (client -> 192.168.1.70, 30s):
  802 Mbit/sec average, 2.80 GB transferred, 0 retransmits

IPERF3 DOWNLOAD (reverse, server -> client, 30s):
  425 Mbit/sec average, 1.48 GB transferred (variable 206-707 during test)

DELTA vs STOCK:
  Upload: 258 -> 802 Mbit/sec = 3.1x improvement
  Download: 181 -> 425 Mbit/sec = 2.3x improvement
  USB bus: 480 Mbps -> 5000 Mbps = 10x improvement in link capacity

CONCLUSION:
  Bitterblue's switch-mode code delivers a 3x jump in real-world
  throughput on this adapter, by upgrading the USB link from 2.0
  High-Speed (480 Mbps, bottleneck) to 3.0 SuperSpeed (5000 Mbps, plenty
  of headroom for the 1200 Mbps radio PHY).
